{"/home/runner/work/octocanvas/octocanvas/src/components/ui/Button.module.css": {"path":"/home/runner/work/octocanvas/octocanvas/src/components/ui/Button.module.css","statementMap":{},"fnMap":{},"branchMap":{},"s":{},"f":{},"b":{},"meta":{"lastBranch":0,"lastFunction":0,"lastStatement":0,"seen":{}}}
,"/home/runner/work/octocanvas/octocanvas/src/components/ui/Button.tsx": {"path":"/home/runner/work/octocanvas/octocanvas/src/components/ui/Button.tsx","statementMap":{"0":{"start":{"line":57,"column":24},"end":{"line":65,"column":null}},"1":{"start":{"line":67,"column":2},"end":{"line":79,"column":null}},"2":{"start":{"line":85,"column":2},"end":{"line":85,"column":null}},"3":{"start":{"line":89,"column":2},"end":{"line":89,"column":null}}},"fnMap":{"0":{"name":"Button","decl":{"start":{"line":45,"column":16},"end":{"line":45,"column":23}},"loc":{"start":{"line":55,"column":16},"end":{"line":81,"column":null}},"line":55},"1":{"name":"PrimaryButton","decl":{"start":{"line":84,"column":16},"end":{"line":84,"column":30}},"loc":{"start":{"line":84,"column":67},"end":{"line":86,"column":null}},"line":84},"2":{"name":"SecondaryButton","decl":{"start":{"line":88,"column":16},"end":{"line":88,"column":32}},"loc":{"start":{"line":88,"column":69},"end":{"line":90,"column":null}},"line":88}},"branchMap":{"0":{"loc":{"start":{"line":47,"column":2},"end":{"line":47,"column":null}},"type":"default-arg","locations":[{"start":{"line":47,"column":12},"end":{"line":47,"column":null}}],"line":47},"1":{"loc":{"start":{"line":48,"column":2},"end":{"line":48,"column":null}},"type":"default-arg","locations":[{"start":{"line":48,"column":9},"end":{"line":48,"column":null}}],"line":48},"2":{"loc":{"start":{"line":50,"column":2},"end":{"line":50,"column":null}},"type":"default-arg","locations":[{"start":{"line":50,"column":9},"end":{"line":50,"column":null}}],"line":50},"3":{"loc":{"start":{"line":51,"column":2},"end":{"line":51,"column":null}},"type":"default-arg","locations":[{"start":{"line":51,"column":13},"end":{"line":51,"column":null}}],"line":51},"4":{"loc":{"start":{"line":52,"column":2},"end":{"line":52,"column":null}},"type":"default-arg","locations":[{"start":{"line":52,"column":14},"end":{"line":52,"column":null}}],"line":52},"5":{"loc":{"start":{"line":53,"column":2},"end":{"line":53,"column":null}},"type":"default-arg","locations":[{"start":{"line":53,"column":14},"end":{"line":53,"column":null}}],"line":53},"6":{"loc":{"start":{"line":61,"column":4},"end":{"line":61,"column":null}},"type":"binary-expr","locations":[{"start":{"line":61,"column":4},"end":{"line":61,"column":17}},{"start":{"line":61,"column":17},"end":{"line":61,"column":null}}],"line":61},"7":{"loc":{"start":{"line":78,"column":7},"end":{"line":78,"column":null}},"type":"binary-expr","locations":[{"start":{"line":78,"column":7},"end":{"line":78,"column":15}},{"start":{"line":78,"column":15},"end":{"line":78,"column":null}}],"line":78}},"s":{"0":22,"1":22,"2":2,"3":2},"f":{"0":22,"1":2,"2":2},"b":{"0":[22],"1":[22],"2":[22],"3":[22],"4":[22],"5":[22],"6":[22,1],"7":[22,1]},"meta":{"lastBranch":8,"lastFunction":3,"lastStatement":4,"seen":{"f:45:16:45:23":0,"b:47:12:47:Infinity":0,"b:48:9:48:Infinity":1,"b:50:9:50:Infinity":2,"b:51:13:51:Infinity":3,"b:52:14:52:Infinity":4,"b:53:14:53:Infinity":5,"s:57:24:65:Infinity":0,"b:61:4:61:17:61:17:61:Infinity":6,"s:67:2:79:Infinity":1,"b:78:7:78:15:78:15:78:Infinity":7,"f:84:16:84:30":1,"s:85:2:85:Infinity":2,"f:88:16:88:32":2,"s:89:2:89:Infinity":3}}}
,"/home/runner/work/octocanvas/octocanvas/src/components/ui/FormControls.module.css": {"path":"/home/runner/work/octocanvas/octocanvas/src/components/ui/FormControls.module.css","statementMap":{},"fnMap":{},"branchMap":{},"s":{},"f":{},"b":{},"meta":{"lastBranch":0,"lastFunction":0,"lastStatement":0,"seen":{}}}
,"/home/runner/work/octocanvas/octocanvas/src/components/ui/FormControls.tsx": {"path":"/home/runner/work/octocanvas/octocanvas/src/components/ui/FormControls.tsx","statementMap":{"0":{"start":{"line":39,"column":2},"end":{"line":68,"column":null}},"1":{"start":{"line":45,"column":25},"end":{"line":45,"column":null}},"2":{"start":{"line":128,"column":25},"end":{"line":137,"column":null}},"3":{"start":{"line":139,"column":2},"end":{"line":174,"column":null}},"4":{"start":{"line":157,"column":23},"end":{"line":157,"column":null}},"5":{"start":{"line":234,"column":25},"end":{"line":244,"column":null}},"6":{"start":{"line":246,"column":2},"end":{"line":279,"column":null}},"7":{"start":{"line":263,"column":23},"end":{"line":263,"column":null}}},"fnMap":{"0":{"name":"Checkbox","decl":{"start":{"line":31,"column":16},"end":{"line":31,"column":25}},"loc":{"start":{"line":38,"column":18},"end":{"line":70,"column":null}},"line":38},"1":{"name":"(anonymous_1)","decl":{"start":{"line":45,"column":18},"end":{"line":45,"column":19}},"loc":{"start":{"line":45,"column":25},"end":{"line":45,"column":null}},"line":45},"2":{"name":"TextInput","decl":{"start":{"line":113,"column":16},"end":{"line":113,"column":26}},"loc":{"start":{"line":127,"column":19},"end":{"line":176,"column":null}},"line":127},"3":{"name":"(anonymous_3)","decl":{"start":{"line":157,"column":16},"end":{"line":157,"column":17}},"loc":{"start":{"line":157,"column":23},"end":{"line":157,"column":null}},"line":157},"4":{"name":"PrimerSelect","decl":{"start":{"line":219,"column":16},"end":{"line":219,"column":29}},"loc":{"start":{"line":233,"column":22},"end":{"line":281,"column":null}},"line":233},"5":{"name":"(anonymous_5)","decl":{"start":{"line":263,"column":16},"end":{"line":263,"column":17}},"loc":{"start":{"line":263,"column":23},"end":{"line":263,"column":null}},"line":263}},"branchMap":{"0":{"loc":{"start":{"line":33,"column":2},"end":{"line":33,"column":null}},"type":"default-arg","locations":[{"start":{"line":33,"column":12},"end":{"line":33,"column":null}}],"line":33},"1":{"loc":{"start":{"line":35,"column":2},"end":{"line":35,"column":null}},"type":"default-arg","locations":[{"start":{"line":35,"column":13},"end":{"line":35,"column":null}}],"line":35},"2":{"loc":{"start":{"line":36,"column":2},"end":{"line":36,"column":null}},"type":"default-arg","locations":[{"start":{"line":36,"column":14},"end":{"line":36,"column":null}}],"line":36},"3":{"loc":{"start":{"line":63,"column":7},"end":{"line":66,"column":null}},"type":"binary-expr","locations":[{"start":{"line":63,"column":7},"end":{"line":63,"column":null}},{"start":{"line":64,"column":8},"end":{"line":66,"column":null}}],"line":63},"4":{"loc":{"start":{"line":119,"column":2},"end":{"line":119,"column":null}},"type":"default-arg","locations":[{"start":{"line":119,"column":9},"end":{"line":119,"column":null}}],"line":119},"5":{"loc":{"start":{"line":120,"column":2},"end":{"line":120,"column":null}},"type":"default-arg","locations":[{"start":{"line":120,"column":13},"end":{"line":120,"column":null}}],"line":120},"6":{"loc":{"start":{"line":121,"column":2},"end":{"line":121,"column":null}},"type":"default-arg","locations":[{"start":{"line":121,"column":10},"end":{"line":121,"column":null}}],"line":121},"7":{"loc":{"start":{"line":123,"column":2},"end":{"line":123,"column":null}},"type":"default-arg","locations":[{"start":{"line":123,"column":12},"end":{"line":123,"column":null}}],"line":123},"8":{"loc":{"start":{"line":124,"column":2},"end":{"line":124,"column":null}},"type":"default-arg","locations":[{"start":{"line":124,"column":9},"end":{"line":124,"column":null}}],"line":124},"9":{"loc":{"start":{"line":125,"column":2},"end":{"line":125,"column":null}},"type":"default-arg","locations":[{"start":{"line":125,"column":14},"end":{"line":125,"column":null}}],"line":125},"10":{"loc":{"start":{"line":131,"column":4},"end":{"line":131,"column":null}},"type":"binary-expr","locations":[{"start":{"line":131,"column":4},"end":{"line":131,"column":16}},{"start":{"line":131,"column":16},"end":{"line":131,"column":null}}],"line":131},"11":{"loc":{"start":{"line":132,"column":4},"end":{"line":132,"column":null}},"type":"binary-expr","locations":[{"start":{"line":132,"column":4},"end":{"line":132,"column":13}},{"start":{"line":132,"column":13},"end":{"line":132,"column":null}}],"line":132},"12":{"loc":{"start":{"line":133,"column":4},"end":{"line":133,"column":null}},"type":"binary-expr","locations":[{"start":{"line":133,"column":4},"end":{"line":133,"column":15}},{"start":{"line":133,"column":15},"end":{"line":133,"column":null}}],"line":133},"13":{"loc":{"start":{"line":141,"column":7},"end":{"line":148,"column":null}},"type":"binary-expr","locations":[{"start":{"line":141,"column":7},"end":{"line":141,"column":null}},{"start":{"line":142,"column":8},"end":{"line":148,"column":null}}],"line":141},"14":{"loc":{"start":{"line":144,"column":40},"end":{"line":144,"column":null}},"type":"cond-expr","locations":[{"start":{"line":144,"column":51},"end":{"line":144,"column":79}},{"start":{"line":144,"column":79},"end":{"line":144,"column":null}}],"line":144},"15":{"loc":{"start":{"line":156,"column":12},"end":{"line":158,"column":null}},"type":"cond-expr","locations":[{"start":{"line":157,"column":16},"end":{"line":157,"column":null}},{"start":{"line":158,"column":16},"end":{"line":158,"column":null}}],"line":156},"16":{"loc":{"start":{"line":164,"column":28},"end":{"line":164,"column":null}},"type":"cond-expr","locations":[{"start":{"line":164,"column":36},"end":{"line":164,"column":46}},{"start":{"line":164,"column":46},"end":{"line":164,"column":null}}],"line":164},"17":{"loc":{"start":{"line":168,"column":7},"end":{"line":172,"column":null}},"type":"binary-expr","locations":[{"start":{"line":168,"column":7},"end":{"line":168,"column":null}},{"start":{"line":169,"column":8},"end":{"line":172,"column":null}}],"line":168},"18":{"loc":{"start":{"line":224,"column":2},"end":{"line":224,"column":null}},"type":"default-arg","locations":[{"start":{"line":224,"column":13},"end":{"line":224,"column":null}}],"line":224},"19":{"loc":{"start":{"line":225,"column":2},"end":{"line":225,"column":null}},"type":"default-arg","locations":[{"start":{"line":225,"column":10},"end":{"line":225,"column":null}}],"line":225},"20":{"loc":{"start":{"line":226,"column":2},"end":{"line":226,"column":null}},"type":"default-arg","locations":[{"start":{"line":226,"column":12},"end":{"line":226,"column":null}}],"line":226},"21":{"loc":{"start":{"line":227,"column":2},"end":{"line":227,"column":null}},"type":"default-arg","locations":[{"start":{"line":227,"column":9},"end":{"line":227,"column":null}}],"line":227},"22":{"loc":{"start":{"line":228,"column":2},"end":{"line":228,"column":null}},"type":"default-arg","locations":[{"start":{"line":228,"column":14},"end":{"line":228,"column":null}}],"line":228},"23":{"loc":{"start":{"line":229,"column":2},"end":{"line":229,"column":null}},"type":"default-arg","locations":[{"start":{"line":229,"column":13},"end":{"line":229,"column":null}}],"line":229},"24":{"loc":{"start":{"line":230,"column":2},"end":{"line":230,"column":null}},"type":"default-arg","locations":[{"start":{"line":230,"column":14},"end":{"line":230,"column":null}}],"line":230},"25":{"loc":{"start":{"line":237,"column":4},"end":{"line":237,"column":null}},"type":"binary-expr","locations":[{"start":{"line":237,"column":4},"end":{"line":237,"column":16}},{"start":{"line":237,"column":16},"end":{"line":237,"column":null}}],"line":237},"26":{"loc":{"start":{"line":238,"column":4},"end":{"line":238,"column":null}},"type":"binary-expr","locations":[{"start":{"line":238,"column":4},"end":{"line":238,"column":13}},{"start":{"line":238,"column":13},"end":{"line":238,"column":null}}],"line":238},"27":{"loc":{"start":{"line":239,"column":4},"end":{"line":239,"column":null}},"type":"binary-expr","locations":[{"start":{"line":239,"column":4},"end":{"line":239,"column":15}},{"start":{"line":239,"column":15},"end":{"line":239,"column":null}}],"line":239},"28":{"loc":{"start":{"line":240,"column":4},"end":{"line":240,"column":null}},"type":"binary-expr","locations":[{"start":{"line":240,"column":4},"end":{"line":240,"column":17}},{"start":{"line":240,"column":17},"end":{"line":240,"column":null}}],"line":240},"29":{"loc":{"start":{"line":248,"column":7},"end":{"line":255,"column":null}},"type":"binary-expr","locations":[{"start":{"line":248,"column":7},"end":{"line":248,"column":null}},{"start":{"line":249,"column":8},"end":{"line":255,"column":null}}],"line":248},"30":{"loc":{"start":{"line":251,"column":40},"end":{"line":251,"column":null}},"type":"cond-expr","locations":[{"start":{"line":251,"column":51},"end":{"line":251,"column":79}},{"start":{"line":251,"column":79},"end":{"line":251,"column":null}}],"line":251},"31":{"loc":{"start":{"line":262,"column":12},"end":{"line":264,"column":null}},"type":"cond-expr","locations":[{"start":{"line":263,"column":16},"end":{"line":263,"column":null}},{"start":{"line":264,"column":16},"end":{"line":264,"column":null}}],"line":262},"32":{"loc":{"start":{"line":271,"column":11},"end":{"line":274,"column":null}},"type":"binary-expr","locations":[{"start":{"line":271,"column":11},"end":{"line":271,"column":null}},{"start":{"line":272,"column":12},"end":{"line":274,"column":null}}],"line":271}},"s":{"0":9,"1":2,"2":17,"3":17,"4":1,"5":17,"6":17,"7":1},"f":{"0":9,"1":2,"2":17,"3":1,"4":17,"5":1},"b":{"0":[9],"1":[9],"2":[9],"3":[9,1],"4":[17],"5":[17],"6":[17],"7":[17],"8":[17],"9":[17],"10":[17,2],"11":[17,3],"12":[17,0],"13":[17,3],"14":[1,2],"15":[1,16],"16":[3,14],"17":[17,3],"18":[17],"19":[17],"20":[17],"21":[17],"22":[17],"23":[17],"24":[17],"25":[17,2],"26":[17,1],"27":[17,0],"28":[17,16],"29":[17,3],"30":[1,2],"31":[1,16],"32":[17,2]},"meta":{"lastBranch":33,"lastFunction":6,"lastStatement":8,"seen":{"f:31:16:31:25":0,"b:33:12:33:Infinity":0,"b:35:13:35:Infinity":1,"b:36:14:36:Infinity":2,"s:39:2:68:Infinity":0,"f:45:18:45:19":1,"s:45:25:45:Infinity":1,"b:63:7:63:Infinity:64:8:66:Infinity":3,"f:113:16:113:26":2,"b:119:9:119:Infinity":4,"b:120:13:120:Infinity":5,"b:121:10:121:Infinity":6,"b:123:12:123:Infinity":7,"b:124:9:124:Infinity":8,"b:125:14:125:Infinity":9,"s:128:25:137:Infinity":2,"b:131:4:131:16:131:16:131:Infinity":10,"b:132:4:132:13:132:13:132:Infinity":11,"b:133:4:133:15:133:15:133:Infinity":12,"s:139:2:174:Infinity":3,"b:141:7:141:Infinity:142:8:148:Infinity":13,"b:144:51:144:79:144:79:144:Infinity":14,"b:157:16:157:Infinity:158:16:158:Infinity":15,"f:157:16:157:17":3,"s:157:23:157:Infinity":4,"b:164:36:164:46:164:46:164:Infinity":16,"b:168:7:168:Infinity:169:8:172:Infinity":17,"f:219:16:219:29":4,"b:224:13:224:Infinity":18,"b:225:10:225:Infinity":19,"b:226:12:226:Infinity":20,"b:227:9:227:Infinity":21,"b:228:14:228:Infinity":22,"b:229:13:229:Infinity":23,"b:230:14:230:Infinity":24,"s:234:25:244:Infinity":5,"b:237:4:237:16:237:16:237:Infinity":25,"b:238:4:238:13:238:13:238:Infinity":26,"b:239:4:239:15:239:15:239:Infinity":27,"b:240:4:240:17:240:17:240:Infinity":28,"s:246:2:279:Infinity":6,"b:248:7:248:Infinity:249:8:255:Infinity":29,"b:251:51:251:79:251:79:251:Infinity":30,"b:263:16:263:Infinity:264:16:264:Infinity":31,"f:263:16:263:17":5,"s:263:23:263:Infinity":7,"b:271:11:271:Infinity:272:12:274:Infinity":32}}}
,"/home/runner/work/octocanvas/octocanvas/src/components/ui/Icon.tsx": {"path":"/home/runner/work/octocanvas/octocanvas/src/components/ui/Icon.tsx","statementMap":{"0":{"start":{"line":46,"column":19},"end":{"line":46,"column":null}},"1":{"start":{"line":48,"column":22},"end":{"line":54,"column":null}},"2":{"start":{"line":57,"column":21},"end":{"line":332,"column":null}},"3":{"start":{"line":58,"column":4},"end":{"line":331,"column":null}},"4":{"start":{"line":60,"column":8},"end":{"line":71,"column":null}},"5":{"start":{"line":75,"column":8},"end":{"line":87,"column":null}},"6":{"start":{"line":91,"column":8},"end":{"line":102,"column":null}},"7":{"start":{"line":106,"column":8},"end":{"line":117,"column":null}},"8":{"start":{"line":121,"column":8},"end":{"line":132,"column":null}},"9":{"start":{"line":136,"column":8},"end":{"line":147,"column":null}},"10":{"start":{"line":151,"column":8},"end":{"line":162,"column":null}},"11":{"start":{"line":166,"column":8},"end":{"line":177,"column":null}},"12":{"start":{"line":181,"column":8},"end":{"line":192,"column":null}},"13":{"start":{"line":196,"column":8},"end":{"line":207,"column":null}},"14":{"start":{"line":211,"column":8},"end":{"line":222,"column":null}},"15":{"start":{"line":226,"column":8},"end":{"line":237,"column":null}},"16":{"start":{"line":241,"column":8},"end":{"line":252,"column":null}},"17":{"start":{"line":256,"column":8},"end":{"line":267,"column":null}},"18":{"start":{"line":271,"column":8},"end":{"line":282,"column":null}},"19":{"start":{"line":286,"column":8},"end":{"line":298,"column":null}},"20":{"start":{"line":302,"column":8},"end":{"line":313,"column":null}},"21":{"start":{"line":318,"column":8},"end":{"line":329,"column":null}},"22":{"start":{"line":334,"column":2},"end":{"line":334,"column":null}},"23":{"start":{"line":339,"column":2},"end":{"line":339,"column":null}},"24":{"start":{"line":343,"column":2},"end":{"line":343,"column":null}}},"fnMap":{"0":{"name":"Icon","decl":{"start":{"line":39,"column":21},"end":{"line":39,"column":null}},"loc":{"start":{"line":45,"column":14},"end":{"line":335,"column":null}},"line":45},"1":{"name":"(anonymous_1)","decl":{"start":{"line":57,"column":21},"end":{"line":57,"column":27}},"loc":{"start":{"line":57,"column":27},"end":{"line":332,"column":null}},"line":57},"2":{"name":"FunctionalIcon","decl":{"start":{"line":338,"column":16},"end":{"line":338,"column":31}},"loc":{"start":{"line":338,"column":63},"end":{"line":340,"column":null}},"line":338},"3":{"name":"BrandedIcon","decl":{"start":{"line":342,"column":16},"end":{"line":342,"column":28}},"loc":{"start":{"line":342,"column":60},"end":{"line":344,"column":null}},"line":342}},"branchMap":{"0":{"loc":{"start":{"line":41,"column":2},"end":{"line":41,"column":null}},"type":"default-arg","locations":[{"start":{"line":41,"column":9},"end":{"line":41,"column":null}}],"line":41},"1":{"loc":{"start":{"line":42,"column":2},"end":{"line":42,"column":null}},"type":"default-arg","locations":[{"start":{"line":42,"column":10},"end":{"line":42,"column":null}}],"line":42},"2":{"loc":{"start":{"line":43,"column":2},"end":{"line":43,"column":null}},"type":"default-arg","locations":[{"start":{"line":43,"column":14},"end":{"line":43,"column":null}}],"line":43},"3":{"loc":{"start":{"line":46,"column":19},"end":{"line":46,"column":null}},"type":"cond-expr","locations":[{"start":{"line":46,"column":46},"end":{"line":46,"column":53}},{"start":{"line":46,"column":53},"end":{"line":46,"column":null}}],"line":46},"4":{"loc":{"start":{"line":46,"column":53},"end":{"line":46,"column":null}},"type":"cond-expr","locations":[{"start":{"line":46,"column":74},"end":{"line":46,"column":79}},{"start":{"line":46,"column":79},"end":{"line":46,"column":null}}],"line":46},"5":{"loc":{"start":{"line":58,"column":4},"end":{"line":331,"column":null}},"type":"switch","locations":[{"start":{"line":59,"column":6},"end":{"line":71,"column":null}},{"start":{"line":74,"column":6},"end":{"line":87,"column":null}},{"start":{"line":90,"column":6},"end":{"line":102,"column":null}},{"start":{"line":105,"column":6},"end":{"line":117,"column":null}},{"start":{"line":120,"column":6},"end":{"line":132,"column":null}},{"start":{"line":135,"column":6},"end":{"line":147,"column":null}},{"start":{"line":150,"column":6},"end":{"line":162,"column":null}},{"start":{"line":165,"column":6},"end":{"line":177,"column":null}},{"start":{"line":180,"column":6},"end":{"line":192,"column":null}},{"start":{"line":195,"column":6},"end":{"line":207,"column":null}},{"start":{"line":210,"column":6},"end":{"line":222,"column":null}},{"start":{"line":225,"column":6},"end":{"line":237,"column":null}},{"start":{"line":240,"column":6},"end":{"line":252,"column":null}},{"start":{"line":255,"column":6},"end":{"line":267,"column":null}},{"start":{"line":270,"column":6},"end":{"line":282,"column":null}},{"start":{"line":285,"column":6},"end":{"line":298,"column":null}},{"start":{"line":301,"column":6},"end":{"line":313,"column":null}},{"start":{"line":316,"column":6},"end":{"line":329,"column":null}}],"line":58},"6":{"loc":{"start":{"line":68,"column":18},"end":{"line":68,"column":null}},"type":"cond-expr","locations":[{"start":{"line":68,"column":26},"end":{"line":68,"column":34}},{"start":{"line":68,"column":34},"end":{"line":68,"column":null}}],"line":68},"7":{"loc":{"start":{"line":83,"column":18},"end":{"line":83,"column":null}},"type":"cond-expr","locations":[{"start":{"line":83,"column":26},"end":{"line":83,"column":34}},{"start":{"line":83,"column":34},"end":{"line":83,"column":null}}],"line":83},"8":{"loc":{"start":{"line":99,"column":18},"end":{"line":99,"column":null}},"type":"cond-expr","locations":[{"start":{"line":99,"column":26},"end":{"line":99,"column":34}},{"start":{"line":99,"column":34},"end":{"line":99,"column":null}}],"line":99},"9":{"loc":{"start":{"line":114,"column":18},"end":{"line":114,"column":null}},"type":"cond-expr","locations":[{"start":{"line":114,"column":26},"end":{"line":114,"column":34}},{"start":{"line":114,"column":34},"end":{"line":114,"column":null}}],"line":114},"10":{"loc":{"start":{"line":129,"column":18},"end":{"line":129,"column":null}},"type":"cond-expr","locations":[{"start":{"line":129,"column":26},"end":{"line":129,"column":34}},{"start":{"line":129,"column":34},"end":{"line":129,"column":null}}],"line":129},"11":{"loc":{"start":{"line":144,"column":18},"end":{"line":144,"column":null}},"type":"cond-expr","locations":[{"start":{"line":144,"column":26},"end":{"line":144,"column":34}},{"start":{"line":144,"column":34},"end":{"line":144,"column":null}}],"line":144},"12":{"loc":{"start":{"line":159,"column":18},"end":{"line":159,"column":null}},"type":"cond-expr","locations":[{"start":{"line":159,"column":26},"end":{"line":159,"column":34}},{"start":{"line":159,"column":34},"end":{"line":159,"column":null}}],"line":159},"13":{"loc":{"start":{"line":174,"column":18},"end":{"line":174,"column":null}},"type":"cond-expr","locations":[{"start":{"line":174,"column":26},"end":{"line":174,"column":34}},{"start":{"line":174,"column":34},"end":{"line":174,"column":null}}],"line":174},"14":{"loc":{"start":{"line":189,"column":18},"end":{"line":189,"column":null}},"type":"cond-expr","locations":[{"start":{"line":189,"column":26},"end":{"line":189,"column":34}},{"start":{"line":189,"column":34},"end":{"line":189,"column":null}}],"line":189},"15":{"loc":{"start":{"line":204,"column":18},"end":{"line":204,"column":null}},"type":"cond-expr","locations":[{"start":{"line":204,"column":26},"end":{"line":204,"column":34}},{"start":{"line":204,"column":34},"end":{"line":204,"column":null}}],"line":204},"16":{"loc":{"start":{"line":219,"column":18},"end":{"line":219,"column":null}},"type":"cond-expr","locations":[{"start":{"line":219,"column":26},"end":{"line":219,"column":34}},{"start":{"line":219,"column":34},"end":{"line":219,"column":null}}],"line":219},"17":{"loc":{"start":{"line":234,"column":18},"end":{"line":234,"column":null}},"type":"cond-expr","locations":[{"start":{"line":234,"column":26},"end":{"line":234,"column":34}},{"start":{"line":234,"column":34},"end":{"line":234,"column":null}}],"line":234},"18":{"loc":{"start":{"line":249,"column":18},"end":{"line":249,"column":null}},"type":"cond-expr","locations":[{"start":{"line":249,"column":26},"end":{"line":249,"column":34}},{"start":{"line":249,"column":34},"end":{"line":249,"column":null}}],"line":249},"19":{"loc":{"start":{"line":264,"column":18},"end":{"line":264,"column":null}},"type":"cond-expr","locations":[{"start":{"line":264,"column":26},"end":{"line":264,"column":34}},{"start":{"line":264,"column":34},"end":{"line":264,"column":null}}],"line":264},"20":{"loc":{"start":{"line":279,"column":18},"end":{"line":279,"column":null}},"type":"cond-expr","locations":[{"start":{"line":279,"column":26},"end":{"line":279,"column":34}},{"start":{"line":279,"column":34},"end":{"line":279,"column":null}}],"line":279},"21":{"loc":{"start":{"line":294,"column":18},"end":{"line":294,"column":null}},"type":"cond-expr","locations":[{"start":{"line":294,"column":26},"end":{"line":294,"column":34}},{"start":{"line":294,"column":34},"end":{"line":294,"column":null}}],"line":294},"22":{"loc":{"start":{"line":310,"column":18},"end":{"line":310,"column":null}},"type":"cond-expr","locations":[{"start":{"line":310,"column":26},"end":{"line":310,"column":34}},{"start":{"line":310,"column":34},"end":{"line":310,"column":null}}],"line":310},"23":{"loc":{"start":{"line":325,"column":24},"end":{"line":325,"column":null}},"type":"binary-expr","locations":[{"start":{"line":325,"column":24},"end":{"line":325,"column":33}},{"start":{"line":325,"column":33},"end":{"line":325,"column":null}}],"line":325}},"s":{"0":37,"1":37,"2":37,"3":37,"4":20,"5":13,"6":4,"7":0,"8":0,"9":0,"10":0,"11":0,"12":0,"13":0,"14":0,"15":0,"16":0,"17":0,"18":0,"19":0,"20":0,"21":0,"22":37,"23":0,"24":0},"f":{"0":37,"1":37,"2":0,"3":0},"b":{"0":[37],"1":[37],"2":[37],"3":[6,31],"4":[1,30],"5":[20,13,4,0,0,0,0,0,0,0,0,0,0,0,0,0,0,0],"6":[2,18],"7":[2,11],"8":[0,4],"9":[0,0],"10":[0,0],"11":[0,0],"12":[0,0],"13":[0,0],"14":[0,0],"15":[0,0],"16":[0,0],"17":[0,0],"18":[0,0],"19":[0,0],"20":[0,0],"21":[0,0],"22":[0,0],"23":[0,0]},"meta":{"lastBranch":24,"lastFunction":4,"lastStatement":25,"seen":{"f:39:21:39:Infinity":0,"b:41:9:41:Infinity":0,"b:42:10:42:Infinity":1,"b:43:14:43:Infinity":2,"s:46:19:46:Infinity":0,"b:46:46:46:53:46:53:46:Infinity":3,"b:46:74:46:79:46:79:46:Infinity":4,"s:48:22:54:Infinity":1,"s:57:21:332:Infinity":2,"f:57:21:57:27":1,"b:59:6:71:Infinity:74:6:87:Infinity:90:6:102:Infinity:105:6:117:Infinity:120:6:132:Infinity:135:6:147:Infinity:150:6:162:Infinity:165:6:177:Infinity:180:6:192:Infinity:195:6:207:Infinity:210:6:222:Infinity:225:6:237:Infinity:240:6:252:Infinity:255:6:267:Infinity:270:6:282:Infinity:285:6:298:Infinity:301:6:313:Infinity:316:6:329:Infinity":5,"s:58:4:331:Infinity":3,"s:60:8:71:Infinity":4,"b:68:26:68:34:68:34:68:Infinity":6,"s:75:8:87:Infinity":5,"b:83:26:83:34:83:34:83:Infinity":7,"s:91:8:102:Infinity":6,"b:99:26:99:34:99:34:99:Infinity":8,"s:106:8:117:Infinity":7,"b:114:26:114:34:114:34:114:Infinity":9,"s:121:8:132:Infinity":8,"b:129:26:129:34:129:34:129:Infinity":10,"s:136:8:147:Infinity":9,"b:144:26:144:34:144:34:144:Infinity":11,"s:151:8:162:Infinity":10,"b:159:26:159:34:159:34:159:Infinity":12,"s:166:8:177:Infinity":11,"b:174:26:174:34:174:34:174:Infinity":13,"s:181:8:192:Infinity":12,"b:189:26:189:34:189:34:189:Infinity":14,"s:196:8:207:Infinity":13,"b:204:26:204:34:204:34:204:Infinity":15,"s:211:8:222:Infinity":14,"b:219:26:219:34:219:34:219:Infinity":16,"s:226:8:237:Infinity":15,"b:234:26:234:34:234:34:234:Infinity":17,"s:241:8:252:Infinity":16,"b:249:26:249:34:249:34:249:Infinity":18,"s:256:8:267:Infinity":17,"b:264:26:264:34:264:34:264:Infinity":19,"s:271:8:282:Infinity":18,"b:279:26:279:34:279:34:279:Infinity":20,"s:286:8:298:Infinity":19,"b:294:26:294:34:294:34:294:Infinity":21,"s:302:8:313:Infinity":20,"b:310:26:310:34:310:34:310:Infinity":22,"s:318:8:329:Infinity":21,"b:325:24:325:33:325:33:325:Infinity":23,"s:334:2:334:Infinity":22,"f:338:16:338:31":2,"s:339:2:339:Infinity":23,"f:342:16:342:28":3,"s:343:2:343:Infinity":24}}}
}
